2026-03-26 15:16:37,421 | INFO | ============================================================
2026-03-26 15:16:37,421 | INFO | TabularGP | Problem: regression | Kernel: WeightedSumKernel | Prior: ConstantPrior
2026-03-26 15:16:37,421 | INFO | Config: epochs=5, lr=0.001, noise=0.01, nb_training_points=500
2026-03-26 15:16:37,421 | INFO | Dataset ID: 41187 | n_samples: 5000
2026-03-26 15:16:37,422 | INFO | Log file: logs\run_20260326_151637_ds41187_WeightedSumKernel_ConstantPrior.log
2026-03-26 15:16:37,422 | INFO | ============================================================
2026-03-26 15:16:37,433 | INFO | Categorical features (4): ['month', 'weight', 'flag', 'station']
2026-03-26 15:16:37,434 | INFO | Continuous features  (2): ['year', 'day']
2026-03-26 15:16:37,434 | INFO | Dataset shape: (2225, 7)
2026-03-26 15:16:37,531 | INFO | Training for 5 epochs with lr=0.001...
2026-03-26 15:16:41,640 | INFO | 
2026-03-26 15:16:41,641 | INFO | ============================================================
2026-03-26 15:16:41,641 | INFO | Training Log (per epoch)
2026-03-26 15:16:41,641 | INFO | ============================================================
2026-03-26 15:16:41,641 | INFO | Epoch    Train Loss      Valid Loss      rmse           
2026-03-26 15:16:41,642 | INFO | -----------------------------------------------------
2026-03-26 15:16:41,642 | INFO | 0        2.004517        2.194578        0.622115       
2026-03-26 15:16:41,642 | INFO | 1        1.924725        2.184438        0.612900       
2026-03-26 15:16:41,642 | INFO | 2        1.806218        2.029182        0.624271       
2026-03-26 15:16:41,643 | INFO | 3        1.690060        1.727087        0.620199       
2026-03-26 15:16:41,643 | INFO | 4        1.610125        1.514509        0.604942       
2026-03-26 15:16:41,643 | INFO | 
2026-03-26 15:16:41,643 | INFO | ----------------------------------------
2026-03-26 15:16:41,643 | INFO | Sample predictions (first 5 validation rows):
2026-03-26 15:16:41,644 | INFO | ----------------------------------------
2026-03-26 15:16:41,694 | INFO |   [1] Predicted: 321.9663 | Actual: 322.1
2026-03-26 15:16:41,694 | INFO |   [2] Predicted: 321.3350 | Actual: 322.2
2026-03-26 15:16:41,695 | INFO |   [3] Predicted: 320.2445 | Actual: 320.9
2026-03-26 15:16:41,696 | INFO |   [4] Predicted: 328.9030 | Actual: 329.0
2026-03-26 15:16:41,696 | INFO |   [5] Predicted: 316.4418 | Actual: 315.8
2026-03-26 15:16:41,696 | INFO | 
2026-03-26 15:16:41,696 | INFO | ----------------------------------------
2026-03-26 15:16:41,696 | INFO | Feature Importance:
2026-03-26 15:16:41,696 | INFO | ----------------------------------------
2026-03-26 15:16:41,700 | INFO | 
Variable  Importance
    year    1.166355
     day    1.166355
   month    1.134281
  weight    1.108531
 station    1.055570
    flag    1.055479
2026-03-26 15:16:42,046 | INFO | Plot saved to feature_importance.png
2026-03-26 15:16:42,046 | INFO | 
2026-03-26 15:16:42,048 | INFO | ============================================================
2026-03-26 15:16:42,048 | INFO | Done! Log saved to: logs\run_20260326_151637_ds41187_WeightedSumKernel_ConstantPrior.log
2026-03-26 15:16:42,048 | INFO | ============================================================
