2026-03-26 17:10:31,328 | INFO | ============================================================
2026-03-26 17:10:31,329 | INFO | TabularGP | Problem: classification | Kernel: WeightedSumKernel | Prior: ConstantPrior
2026-03-26 17:10:31,329 | INFO | Config: epochs=5, lr=0.001, noise=0.01, nb_training_points=500
2026-03-26 17:10:31,329 | INFO | Dataset ID: 1461 | n_samples: 10000
2026-03-26 17:10:31,329 | INFO | Log file: logs\run_20260326_171031_ds1461_WeightedSumKernel_ConstantPrior.log
2026-03-26 17:10:31,329 | INFO | ============================================================
2026-03-26 17:10:31,437 | INFO | Categorical features (9): ['V2', 'V3', 'V4', 'V5', 'V7', 'V8', 'V9', 'V11', 'V16']
2026-03-26 17:10:31,439 | INFO | Continuous features  (7): ['V1', 'V6', 'V10', 'V12', 'V13', 'V14', 'V15']
2026-03-26 17:10:31,439 | INFO | Dataset shape: (10000, 17)
2026-03-26 17:10:31,680 | INFO | Training for 5 epochs with lr=0.001...
2026-03-26 17:11:06,935 | INFO | 
2026-03-26 17:11:06,936 | INFO | ============================================================
2026-03-26 17:11:06,936 | INFO | Training Log (per epoch)
2026-03-26 17:11:06,936 | INFO | ============================================================
2026-03-26 17:11:06,936 | INFO | Epoch    Train Loss      Valid Loss      accuracy       
2026-03-26 17:11:06,936 | INFO | -----------------------------------------------------
2026-03-26 17:11:06,937 | INFO | 0        1289.897217     326.377563      0.870000       
2026-03-26 17:11:06,937 | INFO | 1        572.012756      323.525787      0.875000       
2026-03-26 17:11:06,937 | INFO | 2        360.786377      282.386017      0.878500       
2026-03-26 17:11:06,937 | INFO | 3        274.992401      264.855835      0.874000       
2026-03-26 17:11:06,937 | INFO | 4        245.376572      262.418182      0.868000       
2026-03-26 17:11:06,938 | INFO | 
2026-03-26 17:11:06,938 | INFO | ----------------------------------------
2026-03-26 17:11:06,938 | INFO | Sample predictions (first 5 validation rows):
2026-03-26 17:11:06,938 | INFO | ----------------------------------------
2026-03-26 17:11:07,359 | INFO |   [1] Predicted: class 0 | Actual: 2
2026-03-26 17:11:07,359 | INFO |   [2] Predicted: class 0 | Actual: 1
2026-03-26 17:11:07,360 | INFO |   [3] Predicted: class 0 | Actual: 1
2026-03-26 17:11:07,360 | INFO |   [4] Predicted: class 0 | Actual: 1
2026-03-26 17:11:07,361 | INFO |   [5] Predicted: class 0 | Actual: 1
2026-03-26 17:11:07,361 | INFO | 
2026-03-26 17:11:07,361 | INFO | ----------------------------------------
2026-03-26 17:11:07,362 | INFO | Feature Importance:
2026-03-26 17:11:07,362 | INFO | ----------------------------------------
2026-03-26 17:11:07,368 | INFO | 
Variable  Importance
      V6    0.953391
     V12    0.953352
     V10    0.953330
     V13    0.953310
     V15    0.953305
      V1    0.953268
     V14    0.953198
      V9    0.756236
      V8    0.755165
      V3    0.753673
      V7    0.753348
      V2    0.753111
     V16    0.753064
      V4    0.752602
     V11    0.750126
      V5    0.748912
2026-03-26 17:11:07,825 | INFO | Plot saved to feature_importance.png
2026-03-26 17:11:07,825 | INFO | 
2026-03-26 17:11:07,826 | INFO | ============================================================
2026-03-26 17:11:07,826 | INFO | Done! Log saved to: logs\run_20260326_171031_ds1461_WeightedSumKernel_ConstantPrior.log
2026-03-26 17:11:07,826 | INFO | ============================================================
