2026-03-26 15:30:20,762 | INFO | ============================================================
2026-03-26 15:30:20,762 | INFO | TabularGP | Problem: regression | Kernel: WeightedSumKernel | Prior: LinearPrior
2026-03-26 15:30:20,762 | INFO | Config: epochs=5, lr=0.001, noise=0.01, nb_training_points=500
2026-03-26 15:30:20,762 | INFO | Dataset ID: 41187 | n_samples: 5000
2026-03-26 15:30:20,763 | INFO | Log file: logs\run_20260326_153020_ds41187_WeightedSumKernel_LinearPrior.log
2026-03-26 15:30:20,763 | INFO | ============================================================
2026-03-26 15:30:20,773 | INFO | Categorical features (4): ['month', 'weight', 'flag', 'station']
2026-03-26 15:30:20,773 | INFO | Continuous features  (2): ['year', 'day']
2026-03-26 15:30:20,774 | INFO | Dataset shape: (2225, 7)
2026-03-26 15:30:20,882 | INFO | Training for 5 epochs with lr=0.001...
2026-03-26 15:30:25,500 | INFO | 
2026-03-26 15:30:25,500 | INFO | ============================================================
2026-03-26 15:30:25,500 | INFO | Training Log (per epoch)
2026-03-26 15:30:25,500 | INFO | ============================================================
2026-03-26 15:30:25,502 | INFO | Epoch    Train Loss      Valid Loss      rmse           
2026-03-26 15:30:25,502 | INFO | -----------------------------------------------------
2026-03-26 15:30:25,502 | INFO | 0        2.005195        2.255533        1.378343       
2026-03-26 15:30:25,503 | INFO | 1        1.923329        2.309640        1.835392       
2026-03-26 15:30:25,503 | INFO | 2        1.805747        2.100911        1.295955       
2026-03-26 15:30:25,503 | INFO | 3        1.692413        1.743417        0.729344       
2026-03-26 15:30:25,503 | INFO | 4        1.612697        1.521032        0.636429       
2026-03-26 15:30:25,504 | INFO | 
2026-03-26 15:30:25,504 | INFO | ----------------------------------------
2026-03-26 15:30:25,505 | INFO | Sample predictions (first 5 validation rows):
2026-03-26 15:30:25,505 | INFO | ----------------------------------------
2026-03-26 15:30:25,581 | INFO |   [1] Predicted: 321.8247 | Actual: 322.1
2026-03-26 15:30:25,582 | INFO |   [2] Predicted: 321.4212 | Actual: 322.2
2026-03-26 15:30:25,582 | INFO |   [3] Predicted: 320.1042 | Actual: 320.9
2026-03-26 15:30:25,583 | INFO |   [4] Predicted: 328.7900 | Actual: 329.0
2026-03-26 15:30:25,583 | INFO |   [5] Predicted: 316.4151 | Actual: 315.8
2026-03-26 15:30:25,583 | INFO | 
2026-03-26 15:30:25,583 | INFO | ----------------------------------------
2026-03-26 15:30:25,583 | INFO | Feature Importance:
2026-03-26 15:30:25,585 | INFO | ----------------------------------------
2026-03-26 15:30:25,589 | INFO | 
Variable  Importance
    year    1.165685
     day    1.165685
   month    1.134282
  weight    1.107067
 station    1.055158
    flag    1.055101
2026-03-26 15:30:26,065 | INFO | Plot saved to feature_importance.png
2026-03-26 15:30:26,065 | INFO | 
2026-03-26 15:30:26,065 | INFO | ============================================================
2026-03-26 15:30:26,065 | INFO | Done! Log saved to: logs\run_20260326_153020_ds41187_WeightedSumKernel_LinearPrior.log
2026-03-26 15:30:26,066 | INFO | ============================================================
