2026-03-26 16:05:44,564 | INFO | ============================================================
2026-03-26 16:05:44,565 | INFO | TabularGP | Problem: regression | Kernel: WeightedSumKernel | Prior: ConstantPrior
2026-03-26 16:05:44,565 | INFO | Config: epochs=5, lr=0.001, noise=0.01, nb_training_points=500
2026-03-26 16:05:44,565 | INFO | Dataset ID: 41187 | n_samples: 5000
2026-03-26 16:05:44,566 | INFO | Log file: logs\run_20260326_160544_ds41187_WeightedSumKernel_ConstantPrior.log
2026-03-26 16:05:44,566 | INFO | ============================================================
2026-03-26 16:05:44,578 | INFO | Categorical features (4): ['month', 'weight', 'flag', 'station']
2026-03-26 16:05:44,580 | INFO | Continuous features  (2): ['year', 'day']
2026-03-26 16:05:44,580 | INFO | Dataset shape: (2225, 7)
2026-03-26 16:05:44,707 | INFO | Training for 5 epochs with lr=0.001...
2026-03-26 16:05:51,993 | INFO | 
2026-03-26 16:05:51,993 | INFO | ============================================================
2026-03-26 16:05:51,993 | INFO | Training Log (per epoch)
2026-03-26 16:05:51,994 | INFO | ============================================================
2026-03-26 16:05:51,994 | INFO | Epoch    Train Loss      Valid Loss      rmse           
2026-03-26 16:05:51,994 | INFO | -----------------------------------------------------
2026-03-26 16:05:51,995 | INFO | 0        2.003128        2.194965        0.625192       
2026-03-26 16:05:51,995 | INFO | 1        1.923231        2.184863        0.630226       
2026-03-26 16:05:51,995 | INFO | 2        1.807165        2.026942        0.615791       
2026-03-26 16:05:51,996 | INFO | 3        1.693405        1.726677        0.621905       
2026-03-26 16:05:51,996 | INFO | 4        1.614030        1.521602        0.633526       
2026-03-26 16:05:51,996 | INFO | 
2026-03-26 16:05:51,997 | INFO | ----------------------------------------
2026-03-26 16:05:51,998 | INFO | Sample predictions (first 5 validation rows):
2026-03-26 16:05:51,998 | INFO | ----------------------------------------
2026-03-26 16:05:52,105 | INFO |   [1] Predicted: 321.7779 | Actual: 322.1
2026-03-26 16:05:52,106 | INFO |   [2] Predicted: 321.4583 | Actual: 322.2
2026-03-26 16:05:52,106 | INFO |   [3] Predicted: 320.0830 | Actual: 320.9
2026-03-26 16:05:52,107 | INFO |   [4] Predicted: 328.5709 | Actual: 329.0
2026-03-26 16:05:52,107 | INFO |   [5] Predicted: 316.8159 | Actual: 315.8
2026-03-26 16:05:52,108 | INFO | 
2026-03-26 16:05:52,108 | INFO | ----------------------------------------
2026-03-26 16:05:52,108 | INFO | Feature Importance:
2026-03-26 16:05:52,109 | INFO | ----------------------------------------
2026-03-26 16:05:52,114 | INFO | 
Variable  Importance
    year    1.166139
     day    1.166139
   month    1.133715
  weight    1.108231
 station    1.055234
    flag    1.055163
2026-03-26 16:05:52,739 | INFO | Plot saved to feature_importance.png
2026-03-26 16:05:52,739 | INFO | 
2026-03-26 16:05:52,740 | INFO | ============================================================
2026-03-26 16:05:52,740 | INFO | Done! Log saved to: logs\run_20260326_160544_ds41187_WeightedSumKernel_ConstantPrior.log
2026-03-26 16:05:52,740 | INFO | ============================================================
