2026-03-26 15:29:34,558 | INFO | ============================================================
2026-03-26 15:29:34,558 | INFO | TabularGP | Problem: regression | Kernel: WeightedSumKernel | Prior: ZeroPrior
2026-03-26 15:29:34,558 | INFO | Config: epochs=5, lr=0.001, noise=0.01, nb_training_points=500
2026-03-26 15:29:34,558 | INFO | Dataset ID: 41187 | n_samples: 5000
2026-03-26 15:29:34,559 | INFO | Log file: logs\run_20260326_152934_ds41187_WeightedSumKernel_ZeroPrior.log
2026-03-26 15:29:34,559 | INFO | ============================================================
2026-03-26 15:29:34,569 | INFO | Categorical features (4): ['month', 'weight', 'flag', 'station']
2026-03-26 15:29:34,571 | INFO | Continuous features  (2): ['year', 'day']
2026-03-26 15:29:34,571 | INFO | Dataset shape: (2225, 7)
2026-03-26 15:29:34,670 | INFO | Training for 5 epochs with lr=0.001...
2026-03-26 15:29:38,729 | INFO | 
2026-03-26 15:29:38,730 | INFO | ============================================================
2026-03-26 15:29:38,730 | INFO | Training Log (per epoch)
2026-03-26 15:29:38,730 | INFO | ============================================================
2026-03-26 15:29:38,730 | INFO | Epoch    Train Loss      Valid Loss      rmse           
2026-03-26 15:29:38,730 | INFO | -----------------------------------------------------
2026-03-26 15:29:38,731 | INFO | 0        2.003860        2.255146        1.382381       
2026-03-26 15:29:38,731 | INFO | 1        1.924711        2.313294        1.864440       
2026-03-26 15:29:38,731 | INFO | 2        1.806800        2.109145        1.340979       
2026-03-26 15:29:38,731 | INFO | 3        1.691746        1.743811        0.733999       
2026-03-26 15:29:38,731 | INFO | 4        1.613095        1.521210        0.634224       
2026-03-26 15:29:38,732 | INFO | 
2026-03-26 15:29:38,732 | INFO | ----------------------------------------
2026-03-26 15:29:38,732 | INFO | Sample predictions (first 5 validation rows):
2026-03-26 15:29:38,732 | INFO | ----------------------------------------
2026-03-26 15:29:38,785 | INFO |   [1] Predicted: 321.9972 | Actual: 322.1
2026-03-26 15:29:38,785 | INFO |   [2] Predicted: 321.4221 | Actual: 322.2
2026-03-26 15:29:38,786 | INFO |   [3] Predicted: 320.0787 | Actual: 320.9
2026-03-26 15:29:38,786 | INFO |   [4] Predicted: 328.6666 | Actual: 329.0
2026-03-26 15:29:38,786 | INFO |   [5] Predicted: 316.5530 | Actual: 315.8
2026-03-26 15:29:38,786 | INFO | 
2026-03-26 15:29:38,787 | INFO | ----------------------------------------
2026-03-26 15:29:38,787 | INFO | Feature Importance:
2026-03-26 15:29:38,787 | INFO | ----------------------------------------
2026-03-26 15:29:38,792 | INFO | 
Variable  Importance
    year    1.166134
     day    1.166134
   month    1.134344
  weight    1.104927
 station    1.055367
    flag    1.055290
2026-03-26 15:29:39,127 | INFO | Plot saved to feature_importance.png
2026-03-26 15:29:39,128 | INFO | 
2026-03-26 15:29:39,128 | INFO | ============================================================
2026-03-26 15:29:39,128 | INFO | Done! Log saved to: logs\run_20260326_152934_ds41187_WeightedSumKernel_ZeroPrior.log
2026-03-26 15:29:39,128 | INFO | ============================================================
