2026-03-26 16:04:59,825 | INFO | ============================================================
2026-03-26 16:04:59,825 | INFO | TabularGP | Problem: regression | Kernel: ProductOfSumsKernel | Prior: ConstantPrior
2026-03-26 16:04:59,825 | INFO | Config: epochs=5, lr=0.001, noise=0.01, nb_training_points=500
2026-03-26 16:04:59,825 | INFO | Dataset ID: 41187 | n_samples: 5000
2026-03-26 16:04:59,825 | INFO | Log file: logs\run_20260326_160459_ds41187_ProductOfSumsKernel_ConstantPrior.log
2026-03-26 16:04:59,826 | INFO | ============================================================
2026-03-26 16:04:59,839 | INFO | Categorical features (4): ['month', 'weight', 'flag', 'station']
2026-03-26 16:04:59,841 | INFO | Continuous features  (2): ['year', 'day']
2026-03-26 16:04:59,842 | INFO | Dataset shape: (2225, 7)
2026-03-26 16:04:59,974 | INFO | Training for 5 epochs with lr=0.001...
2026-03-26 16:05:07,963 | INFO | 
2026-03-26 16:05:07,963 | INFO | ============================================================
2026-03-26 16:05:07,964 | INFO | Training Log (per epoch)
2026-03-26 16:05:07,964 | INFO | ============================================================
2026-03-26 16:05:07,964 | INFO | Epoch    Train Loss      Valid Loss      rmse           
2026-03-26 16:05:07,964 | INFO | -----------------------------------------------------
2026-03-26 16:05:07,965 | INFO | 0        2.850475        2.746026        3.696940       
2026-03-26 16:05:07,965 | INFO | 1        4.019342        3.733768        9.309608       
2026-03-26 16:05:07,965 | INFO | 2        3.875673        3.608759        8.609556       
2026-03-26 16:05:07,965 | INFO | 3        3.767367        3.552655        8.252163       
2026-03-26 16:05:07,966 | INFO | 4        3.679481        3.543483        8.191697       
2026-03-26 16:05:07,966 | INFO | 
2026-03-26 16:05:07,966 | INFO | ----------------------------------------
2026-03-26 16:05:07,967 | INFO | Sample predictions (first 5 validation rows):
2026-03-26 16:05:07,967 | INFO | ----------------------------------------
2026-03-26 16:05:08,060 | INFO |   [1] Predicted: 327.0255 | Actual: 322.1
2026-03-26 16:05:08,062 | INFO |   [2] Predicted: 329.5514 | Actual: 322.2
2026-03-26 16:05:08,063 | INFO |   [3] Predicted: 331.1098 | Actual: 320.9
2026-03-26 16:05:08,063 | INFO |   [4] Predicted: 333.2162 | Actual: 329.0
2026-03-26 16:05:08,064 | INFO |   [5] Predicted: 328.3577 | Actual: 315.8
2026-03-26 16:05:08,064 | INFO | 
2026-03-26 16:05:08,064 | INFO | ----------------------------------------
2026-03-26 16:05:08,064 | INFO | Feature Importance:
2026-03-26 16:05:08,064 | INFO | ----------------------------------------
2026-03-26 16:05:08,071 | INFO | 
Variable  Importance
     day    0.116728
 station    0.094452
   month    0.059978
  weight    0.050650
    flag    0.049536
    year    0.033334
2026-03-26 16:05:08,631 | INFO | Plot saved to feature_importance.png
2026-03-26 16:05:08,632 | INFO | 
2026-03-26 16:05:08,632 | INFO | ============================================================
2026-03-26 16:05:08,633 | INFO | Done! Log saved to: logs\run_20260326_160459_ds41187_ProductOfSumsKernel_ConstantPrior.log
2026-03-26 16:05:08,633 | INFO | ============================================================
